SF:/Users/ryan.hanks/Projects/flakka3/packages/store/core_object_store/core_object_store_remote/lib/src/object_store_remote/object_store_remote.dart
DA:11,1
DA:15,4
DA:24,1
DA:25,2
DA:27,0
DA:28,0
DA:30,0
DA:32,0
DA:35,0
DA:39,0
DA:42,0
DA:46,1
DA:47,1
DA:48,1
DA:49,2
DA:50,1
DA:51,1
DA:52,1
DA:53,1
DA:54,1
DA:55,1
DA:58,0
DA:59,0
DA:60,0
LF:24
LH:14
end_of_record
SF:/Users/ryan.hanks/Projects/flakka3/packages/store/core_object_store/core_object_store_remote/lib/src/object_store_remote/object_store_remote_state.freezed.dart
DA:12,0
DA:14,0
DA:31,0
DA:51,0
DA:53,0
DA:59,1
DA:61,0
DA:66,0
DA:69,0
DA:70,0
DA:73,0
DA:74,0
LF:12
LH:1
end_of_record
