SF:/Users/ryan.hanks/Projects/flakka3/packages/store/core_application_store/lib/src/application_store/application_store.dart
DA:13,1
DA:18,2
DA:19,4
DA:20,4
DA:34,1
DA:36,2
DA:38,0
DA:40,0
DA:42,0
DA:44,0
DA:46,0
DA:50,0
DA:53,0
DA:55,1
DA:58,1
DA:59,1
DA:60,1
DA:61,2
DA:62,1
DA:64,2
DA:65,1
DA:66,1
DA:67,1
DA:70,2
DA:72,0
DA:76,0
LF:26
LH:17
end_of_record
SF:/Users/ryan.hanks/Projects/flakka3/packages/store/core_application_store/lib/src/application_store/application_store_state.freezed.dart
DA:12,0
DA:14,0
DA:19,0
DA:21,0
DA:23,0
DA:41,0
DA:48,0
DA:53,0
DA:55,0
DA:61,0
DA:64,0
DA:65,0
DA:88,0
DA:90,0
DA:92,0
DA:97,0
DA:99,0
DA:109,1
DA:114,1
DA:116,2
DA:119,1
DA:122,3
DA:123,1
DA:124,5
DA:127,0
DA:128,0
DA:130,0
DA:134,0
DA:144,0
DA:147,0
LF:30
LH:7
end_of_record
