SF:/Users/ryan.hanks/Projects/flakka/packages/core_aggregate/core_aggregate/lib/src/core_aggregate_root.dart
DA:34,0
DA:40,0
DA:41,0
DA:42,0
LF:4
LH:0
end_of_record
SF:/Users/ryan.hanks/Projects/flakka/packages/core_aggregate/core_aggregate/lib/src/aggregate_behavior.dart
DA:26,0
DA:28,0
DA:29,0
DA:31,0
DA:35,0
DA:37,0
DA:39,0
DA:42,0
DA:43,0
DA:44,0
DA:45,0
DA:47,0
DA:52,0
DA:54,0
DA:55,0
DA:56,0
DA:80,0
DA:82,0
DA:83,0
DA:84,0
DA:85,0
DA:88,0
DA:90,0
DA:91,0
DA:92,0
DA:93,0
DA:99,0
DA:102,0
LF:28
LH:0
end_of_record
SF:/Users/ryan.hanks/Projects/flakka/packages/core_aggregate/core_aggregate/lib/src/core_aggregate_instance.dart
DA:19,1
DA:27,2
DA:28,2
DA:30,1
DA:31,1
DA:34,2
DA:56,1
DA:61,1
DA:62,1
DA:63,6
DA:64,1
DA:65,2
DA:66,2
DA:67,1
DA:68,5
DA:69,1
DA:70,5
DA:71,1
DA:73,1
DA:74,1
DA:78,2
DA:80,2
DA:81,1
DA:88,1
DA:89,2
DA:91,2
DA:93,2
DA:94,4
DA:95,1
DA:97,1
DA:101,1
DA:102,1
DA:106,0
DA:107,0
LF:34
LH:32
end_of_record
SF:/Users/ryan.hanks/Projects/flakka/packages/core_aggregate/core_aggregate/lib/src/service_effect.dart
DA:7,0
DA:8,0
LF:2
LH:0
end_of_record
