SF:/Users/ryan.hanks/Projects/flakka3/packages/core_data/core_data/lib/src/core_event.dart
DA:29,0
DA:33,0
LF:2
LH:0
end_of_record
SF:/Users/ryan.hanks/Projects/flakka3/packages/core_data/core_data/lib/src/core_event.g.dart
DA:9,0
DA:13,0
DA:14,0
DA:15,0
DA:18,0
DA:22,0
DA:23,0
DA:24,0
LF:8
LH:0
end_of_record
SF:/Users/ryan.hanks/Projects/flakka3/packages/core_data/core_data/lib/src/graph.dart
DA:29,2
DA:31,2
DA:32,8
DA:34,1
DA:39,3
DA:40,2
DA:41,4
DA:61,1
DA:62,1
DA:63,1
DA:64,5
DA:66,1
DA:67,1
DA:68,4
DA:70,2
DA:76,1
DA:77,2
DA:78,2
DA:80,2
DA:81,1
DA:82,1
DA:83,1
DA:88,2
DA:89,1
DA:90,1
DA:91,1
DA:96,3
DA:97,2
DA:99,3
DA:100,1
DA:102,2
DA:103,3
DA:104,3
DA:106,1
DA:107,1
DA:116,2
DA:118,12
DA:119,4
DA:121,10
DA:122,10
DA:125,6
DA:126,10
DA:127,2
DA:130,3
LF:44
LH:44
end_of_record
SF:/Users/ryan.hanks/Projects/flakka3/packages/core_data/core_data/lib/src/journal/journal_impl.dart
DA:13,1
DA:14,2
DA:15,1
DA:16,1
DA:17,2
DA:18,1
DA:19,4
DA:21,1
DA:22,4
DA:24,1
DA:25,4
DA:29,1
DA:30,2
DA:31,1
DA:32,1
DA:33,3
DA:34,3
DA:35,1
DA:36,1
DA:37,1
DA:39,1
DA:40,2
DA:41,3
DA:43,1
DA:44,2
DA:45,3
DA:60,0
DA:61,0
DA:62,0
DA:63,0
DA:64,0
DA:65,0
DA:66,0
DA:68,0
DA:69,0
DA:70,0
DA:85,1
DA:86,1
DA:87,3
DA:88,1
DA:89,2
DA:90,3
DA:94,2
DA:95,1
DA:96,1
DA:97,1
DA:98,1
DA:99,1
DA:103,1
DA:104,3
DA:110,2
DA:111,2
DA:112,3
DA:113,2
DA:114,3
DA:115,2
LF:56
LH:46
end_of_record
SF:/Users/ryan.hanks/Projects/flakka3/packages/core_data/core_data/lib/src/journal_state.dart
DA:16,1
DA:18,1
DA:23,1
DA:24,3
DA:27,1
DA:28,3
DA:32,2
DA:34,3
DA:36,3
DA:39,5
DA:41,2
DA:43,3
DA:47,2
DA:49,2
DA:50,3
DA:51,4
DA:52,6
DA:59,0
LF:18
LH:17
end_of_record
SF:/Users/ryan.hanks/Projects/flakka3/packages/core_data/core_data/lib/src/journal_state_pending.dart
DA:15,2
DA:16,1
DA:17,1
DA:21,1
DA:23,1
DA:31,1
DA:32,2
DA:33,3
DA:35,1
DA:36,2
DA:37,4
DA:39,1
DA:41,4
DA:42,1
DA:43,1
DA:44,1
DA:45,4
DA:48,1
DA:49,5
DA:51,2
DA:52,1
DA:54,3
DA:56,1
DA:57,2
LF:24
LH:24
end_of_record
SF:/Users/ryan.hanks/Projects/flakka3/packages/core_data/core_data/lib/src/ref.dart
DA:15,0
DA:18,2
DA:19,2
DA:20,2
DA:21,0
DA:22,4
DA:23,6
DA:24,2
DA:27,6
DA:29,2
DA:32,0
DA:33,0
DA:45,0
DA:46,0
LF:14
LH:8
end_of_record
SF:/Users/ryan.hanks/Projects/flakka3/packages/core_data/core_data/lib/src/ref.g.dart
DA:9,0
DA:10,0
DA:13,0
DA:14,0
DA:17,0
DA:18,0
DA:19,0
DA:22,0
DA:23,0
DA:24,0
DA:25,0
LF:11
LH:0
end_of_record
SF:/Users/ryan.hanks/Projects/flakka3/packages/core_data/core_data/lib/src/ref_factory.dart
DA:7,0
DA:9,0
DA:11,0
DA:12,0
DA:16,0
LF:5
LH:0
end_of_record
