SF:/Users/ryan.hanks/Projects/flakka3/packages/store/core_data_store/lib/src/data_store/data_store.dart
DA:13,1
DA:19,2
DA:20,3
DA:29,1
DA:30,1
DA:32,0
DA:33,0
DA:35,0
DA:39,0
DA:42,0
DA:44,1
DA:45,1
DA:46,1
DA:47,2
DA:48,1
DA:49,2
DA:50,5
DA:51,1
DA:52,4
DA:54,1
DA:55,1
DA:56,2
DA:57,2
DA:58,2
DA:59,2
DA:62,2
DA:66,0
DA:67,0
DA:68,0
LF:29
LH:21
end_of_record
SF:/Users/ryan.hanks/Projects/flakka3/packages/store/core_data_store/lib/src/data_store/data_store_state.freezed.dart
DA:12,0
DA:14,0
DA:20,0
DA:25,0
DA:26,0
DA:30,0
DA:32,0
DA:35,0
DA:68,0
DA:75,0
DA:81,0
DA:83,0
DA:92,0
DA:135,0
DA:137,0
DA:139,0
DA:145,0
DA:147,0
DA:156,0
DA:171,1
DA:187,0
DA:189,0
DA:192,0
DA:195,0
DA:196,0
DA:197,0
DA:198,0
DA:199,0
DA:202,0
DA:203,0
DA:205,0
DA:210,0
DA:242,0
DA:246,0
LF:34
LH:1
end_of_record
SF:/Users/ryan.hanks/Projects/flakka3/packages/store/core_data_store/lib/src/data_store/data_store_state.dart
DA:23,2
DA:24,1
DA:25,1
DA:26,1
DA:29,1
DA:30,1
LF:6
LH:6
end_of_record
