SF:/Users/ryan.hanks/Projects/flakka3/packages/store/core_journal_store/lib/src/core_journal_state.freezed.dart
DA:12,0
DA:14,0
DA:20,0
DA:21,0
DA:22,0
DA:23,0
DA:24,0
DA:28,0
DA:30,0
DA:33,0
DA:68,0
DA:75,0
DA:84,0
DA:86,0
DA:89,0
DA:90,0
DA:94,0
DA:97,0
DA:98,0
DA:102,0
DA:112,0
DA:115,0
DA:116,0
DA:120,0
DA:123,0
DA:127,0
DA:128,0
DA:132,0
DA:135,0
DA:139,0
DA:140,0
DA:182,0
DA:185,0
DA:187,0
DA:196,0
DA:198,0
DA:201,0
DA:202,0
DA:206,0
DA:209,0
DA:210,0
DA:214,0
DA:229,0
DA:242,0
DA:244,0
DA:246,0
DA:258,0
DA:260,0
DA:263,0
DA:266,0
DA:267,0
DA:268,0
DA:269,0
DA:270,0
DA:271,0
DA:272,0
DA:273,0
DA:274,0
DA:277,0
DA:278,0
DA:279,0
DA:281,0
DA:286,0
DA:319,0
DA:323,0
LF:65
LH:0
end_of_record
SF:/Users/ryan.hanks/Projects/flakka3/packages/store/core_journal_store/lib/src/journal_store/journal_store.dart
DA:13,1
DA:18,2
DA:19,3
DA:27,1
DA:28,1
DA:30,0
DA:31,0
DA:33,0
DA:37,0
DA:40,0
DA:42,1
DA:43,1
DA:44,1
DA:45,2
DA:46,1
DA:47,1
DA:48,2
DA:49,1
DA:50,1
DA:51,1
DA:55,0
DA:56,0
DA:57,0
DA:58,0
LF:24
LH:15
end_of_record
SF:/Users/ryan.hanks/Projects/flakka3/packages/store/core_journal_store/lib/src/journal_store/journal_store_state.freezed.dart
DA:12,0
DA:14,0
DA:30,0
DA:49,0
DA:51,0
DA:57,1
DA:59,0
DA:64,0
DA:67,0
DA:70,0
DA:71,0
LF:11
LH:1
end_of_record
