SF:/Users/ryan.hanks/Projects/flakka3/packages/store/core_object_store/core_object_store/lib/src/object_store/object_store.freezed.dart
DA:12,1
DA:14,0
DA:19,0
DA:21,0
DA:23,0
DA:38,1
DA:45,0
DA:50,0
DA:52,0
DA:74,1
DA:76,1
DA:78,1
DA:83,3
DA:85,0
DA:95,1
DA:100,0
DA:102,0
DA:105,1
DA:108,3
DA:109,1
DA:110,2
DA:111,3
DA:114,0
DA:115,0
DA:117,1
DA:121,1
DA:130,0
DA:133,0
LF:28
LH:14
end_of_record
SF:/Users/ryan.hanks/Projects/flakka3/packages/store/core_object_store/core_object_store/lib/src/object_store/object_store.dart
DA:12,1
DA:22,3
DA:23,3
DA:24,3
DA:35,1
DA:36,1
DA:38,0
DA:39,0
DA:41,0
DA:51,0
DA:52,0
DA:53,0
DA:54,0
DA:55,0
DA:56,0
DA:60,1
DA:61,6
DA:62,1
DA:63,1
DA:64,2
DA:65,1
DA:66,1
DA:67,1
DA:68,1
DA:69,1
DA:70,1
DA:71,1
DA:74,2
DA:75,1
DA:76,1
DA:77,1
DA:78,1
DA:79,1
DA:80,1
DA:81,1
DA:84,1
DA:86,0
DA:87,0
DA:88,0
DA:92,0
DA:95,0
DA:109,0
DA:111,0
LF:43
LH:27
end_of_record
SF:/Users/ryan.hanks/Projects/flakka3/packages/store/core_object_store/core_object_store/lib/src/entry_props.freezed.dart
DA:12,0
DA:14,0
DA:17,0
DA:18,0
DA:23,0
DA:24,0
DA:26,0
DA:27,0
DA:29,0
DA:44,0
DA:51,0
DA:57,0
DA:59,0
DA:63,0
DA:85,0
DA:87,0
DA:89,0
DA:95,0
DA:97,0
DA:101,0
DA:111,0
DA:113,0
DA:114,0
DA:121,0
DA:123,0
DA:126,0
DA:129,0
DA:130,0
DA:131,0
DA:132,0
DA:133,0
DA:136,0
DA:138,0
DA:139,0
DA:141,0
DA:145,0
DA:147,0
DA:149,0
DA:167,0
DA:170,0
LF:40
LH:0
end_of_record
SF:/Users/ryan.hanks/Projects/flakka3/packages/store/core_object_store/core_object_store/lib/src/entry_props.dart
DA:13,0
DA:14,0
LF:2
LH:0
end_of_record
SF:/Users/ryan.hanks/Projects/flakka3/packages/store/core_object_store/core_object_store/lib/src/entry_props.g.dart
DA:9,0
DA:10,0
DA:11,0
DA:12,0
DA:15,0
DA:16,0
DA:17,0
DA:18,0
LF:8
LH:0
end_of_record
