SF:lib/src/data_io_factory.dart
DA:8,0
DA:14,0
DA:20,0
DA:21,0
DA:22,0
DA:24,0
DA:25,0
LF:7
LH:0
end_of_record
SF:lib/src/data_io_factory_provider.dart
DA:7,0
DA:13,0
DA:14,0
DA:15,0
DA:20,0
DA:22,0
LF:6
LH:0
end_of_record
SF:lib/src/data_store/data_store.dart
DA:14,1
DA:20,2
DA:21,3
DA:30,1
DA:31,1
DA:33,0
DA:34,0
DA:36,0
DA:40,0
DA:43,0
DA:45,1
DA:46,1
DA:47,1
DA:48,2
DA:49,1
DA:50,2
DA:51,5
DA:52,1
DA:53,4
DA:55,1
DA:56,1
DA:57,2
DA:58,2
DA:59,2
DA:60,2
DA:63,2
DA:67,0
DA:68,0
DA:69,0
LF:29
LH:21
end_of_record
SF:lib/src/data_store/data_store_state.dart
DA:23,2
DA:24,1
DA:25,1
DA:26,1
DA:29,1
DA:30,1
LF:6
LH:6
end_of_record
