SF:/Users/ryan.hanks/Projects/flakka3/packages/store/core_object_store/core_object_store_local/lib/src/object_store_local/object_store_local.dart
DA:11,1
DA:15,4
DA:23,1
DA:24,2
DA:26,0
DA:27,0
DA:29,0
DA:31,0
DA:34,0
DA:36,0
DA:39,0
DA:42,1
DA:43,1
DA:44,1
DA:45,2
DA:46,1
DA:47,1
DA:48,1
DA:49,1
DA:50,1
DA:51,1
DA:54,0
DA:55,0
DA:56,0
LF:24
LH:14
end_of_record
SF:/Users/ryan.hanks/Projects/flakka3/packages/store/core_object_store/core_object_store_local/lib/src/object_store_local/object_store_local_state.freezed.dart
DA:12,0
DA:14,0
DA:31,0
DA:50,0
DA:52,0
DA:58,1
DA:60,0
DA:65,0
DA:68,0
DA:71,0
DA:72,0
LF:11
LH:1
end_of_record
