SF:/Users/ryan.hanks/Projects/flakka3/packages/core_common/lib/src/date_time_converter.dart
DA:4,0
DA:6,0
DA:7,0
DA:9,0
DA:10,0
LF:5
LH:0
end_of_record
SF:/Users/ryan.hanks/Projects/flakka3/packages/core_common/lib/src/date_time_factory.dart
DA:2,0
DA:4,0
DA:6,0
DA:7,0
DA:8,0
DA:13,0
DA:16,0
LF:7
LH:0
end_of_record
SF:/Users/ryan.hanks/Projects/flakka3/packages/core_common/lib/src/id_factory.dart
DA:4,1
DA:8,2
DA:10,1
DA:12,2
DA:13,1
DA:14,1
DA:21,3
DA:31,3
DA:34,1
DA:35,1
DA:38,2
DA:39,4
DA:42,1
LF:13
LH:13
end_of_record
SF:/Users/ryan.hanks/Projects/flakka3/packages/core_common/lib/src/t.dart
DA:1,0
DA:2,0
LF:2
LH:0
end_of_record
