SF:/Users/ryan.hanks/Projects/flakka3/flakka4/packages/application/core_application/lib/src/application_behavior/application_behavior.dart
DA:56,1
DA:58,1
DA:63,2
DA:67,2
LF:4
LH:4
end_of_record
SF:/Users/ryan.hanks/Projects/flakka3/flakka4/packages/application/core_application/lib/src/application/application.dart
DA:12,1
DA:23,3
DA:24,4
DA:29,1
DA:30,2
DA:33,0
DA:34,0
DA:40,0
DA:42,1
DA:43,5
DA:44,1
DA:45,5
DA:46,2
DA:47,1
DA:48,1
DA:49,1
DA:51,1
DA:54,1
DA:55,1
DA:60,0
DA:71,0
DA:72,0
DA:74,0
DA:78,0
LF:24
LH:16
end_of_record
SF:/Users/ryan.hanks/Projects/flakka3/flakka4/packages/application/core_application/lib/src/application/application_factory.dart
DA:7,0
DA:13,0
DA:15,0
LF:3
LH:0
end_of_record

SF:/Users/ryan.hanks/Projects/flakka3/flakka4/packages/application/core_application_impl/lib/src/application_io_factory.dart
DA:7,0
DA:11,0
DA:18,0
DA:19,0
DA:20,0
DA:21,0
DA:22,0
LF:7
LH:0
end_of_record
SF:/Users/ryan.hanks/Projects/flakka3/flakka4/packages/application/core_application_impl/lib/src/application_io_factory_provider.dart
DA:4,0
DA:7,0
LF:2
LH:0
end_of_record
SF:/Users/ryan.hanks/Projects/flakka3/flakka4/packages/application/core_application_impl/lib/src/application_store/application_store.dart
DA:13,1
DA:18,2
DA:19,4
DA:20,4
DA:34,1
DA:36,2
DA:38,0
DA:40,0
DA:42,0
DA:44,0
DA:46,0
DA:50,0
DA:53,0
DA:55,1
DA:58,1
DA:59,1
DA:60,1
DA:61,2
DA:62,1
DA:64,2
DA:65,1
DA:66,1
DA:67,1
DA:70,2
DA:72,0
DA:76,0
LF:26
LH:17
end_of_record
SF:/Users/ryan.hanks/Projects/flakka3/flakka4/packages/data/core_data_impl/lib/src/data_io_factory.dart
DA:8,0
DA:14,0
DA:20,0
DA:21,0
DA:22,0
DA:24,0
DA:25,0
LF:7
LH:0
end_of_record
SF:/Users/ryan.hanks/Projects/flakka3/flakka4/packages/data/core_data_impl/lib/src/data_io_factory_provider.dart
DA:7,0
DA:13,0
DA:14,0
DA:15,0
DA:20,0
DA:22,0
LF:6
LH:0
end_of_record
SF:/Users/ryan.hanks/Projects/flakka3/flakka4/packages/data/core_data_impl/lib/src/data_store/data_store.dart
DA:14,1
DA:20,2
DA:21,3
DA:30,1
DA:31,1
DA:33,0
DA:34,0
DA:36,0
DA:40,0
DA:43,0
DA:45,1
DA:46,1
DA:47,1
DA:48,2
DA:49,1
DA:50,2
DA:51,5
DA:52,1
DA:53,4
DA:55,1
DA:56,1
DA:57,2
DA:58,2
DA:59,2
DA:60,2
DA:63,2
DA:67,0
DA:68,0
DA:69,0
LF:29
LH:21
end_of_record
SF:/Users/ryan.hanks/Projects/flakka3/flakka4/packages/data/core_data_impl/lib/src/data_store/data_store_state.dart
DA:23,2
DA:24,1
DA:25,1
DA:26,1
DA:29,1
DA:30,1
LF:6
LH:6
end_of_record
SF:/Users/ryan.hanks/Projects/flakka3/flakka4/packages/core_common/lib/src/date_time_converter.dart
DA:4,0
DA:6,0
DA:7,0
DA:9,0
DA:10,0
LF:5
LH:0
end_of_record
SF:/Users/ryan.hanks/Projects/flakka3/flakka4/packages/core_common/lib/src/date_time_factory.dart
DA:2,0
DA:4,0
DA:6,0
DA:7,0
DA:8,0
DA:13,0
DA:16,0
LF:7
LH:0
end_of_record
SF:/Users/ryan.hanks/Projects/flakka3/flakka4/packages/core_common/lib/src/id_factory.dart
DA:4,1
DA:8,2
DA:10,1
DA:12,2
DA:13,1
DA:14,1
DA:21,3
DA:31,3
DA:34,1
DA:35,1
DA:38,2
DA:39,4
DA:42,1
LF:13
LH:13
end_of_record
SF:/Users/ryan.hanks/Projects/flakka3/flakka4/packages/core_common/lib/src/state_view.dart
DA:18,0
DA:19,0
LF:2
LH:0
end_of_record
SF:/Users/ryan.hanks/Projects/flakka3/flakka4/packages/core_common/lib/src/t.dart
DA:1,0
DA:2,0
LF:2
LH:0
end_of_record
SF:/Users/ryan.hanks/Projects/flakka3/flakka4/packages/journal/core_journal_impl/lib/src/journal_io_factory.dart
DA:9,0
DA:15,0
DA:21,0
DA:23,0
DA:24,0
DA:25,0
DA:26,0
LF:7
LH:0
end_of_record
SF:/Users/ryan.hanks/Projects/flakka3/flakka4/packages/journal/core_journal_impl/lib/src/journal_io_factory_provider.dart
DA:7,0
DA:13,0
DA:14,0
DA:15,0
LF:4
LH:0
end_of_record
SF:/Users/ryan.hanks/Projects/flakka3/flakka4/packages/journal/core_journal_impl/lib/src/journal_store/journal_store.dart
DA:13,1
DA:18,2
DA:19,3
DA:27,1
DA:28,1
DA:30,0
DA:31,0
DA:33,0
DA:37,0
DA:40,0
DA:42,1
DA:43,1
DA:44,1
DA:45,2
DA:46,1
DA:47,1
DA:48,2
DA:49,1
DA:50,1
DA:51,1
DA:55,0
DA:56,0
DA:57,0
DA:58,0
LF:24
LH:15
end_of_record


SF:/Users/ryan.hanks/Projects/flakka3/flakka4/packages/object/core_object_impl/lib/src/object_store/object_store.dart
DA:14,1
DA:24,3
DA:25,3
DA:26,3
DA:37,1
DA:38,1
DA:40,0
DA:41,0
DA:43,0
DA:53,0
DA:54,0
DA:55,0
DA:56,0
DA:57,0
DA:58,0
DA:62,1
DA:63,6
DA:64,1
DA:65,1
DA:66,2
DA:67,1
DA:68,1
DA:69,1
DA:70,1
DA:71,1
DA:72,1
DA:73,1
DA:76,2
DA:77,1
DA:78,1
DA:79,1
DA:80,1
DA:81,1
DA:82,1
DA:83,1
DA:86,1
DA:88,0
DA:89,0
DA:90,0
DA:94,0
DA:98,0
DA:112,0
DA:114,0
LF:43
LH:27
end_of_record
SF:/Users/ryan.hanks/Projects/flakka3/flakka4/packages/object/local/core_object_local_impl/lib/src/object_store_local/object_store_local.dart
DA:14,1
DA:18,4
DA:26,1
DA:27,2
DA:29,0
DA:30,0
DA:45,1
DA:46,1
DA:47,1
DA:48,2
DA:49,1
DA:50,1
DA:51,1
DA:53,1
DA:54,1
DA:57,0
DA:58,0
DA:59,0
LF:18
LH:13
end_of_record
SF:/Users/ryan.hanks/Projects/flakka3/flakka4/packages/object/local/core_object_local_impl/lib/src/object_store_local_factory.dart
DA:8,0
DA:12,0
DA:13,0
LF:3
LH:0
end_of_record
SF:/Users/ryan.hanks/Projects/flakka3/flakka4/packages/object/local/core_object_local_impl/lib/src/object_store_local_factory_provider.dart
DA:6,0
DA:8,0
LF:2
LH:0
end_of_record

SF:/Users/ryan.hanks/Projects/flakka3/flakka4/packages/persistence/core_persistence/lib/src/initialize_instance.dart
DA:4,1
DA:9,1
DA:14,1
DA:17,1
LF:4
LH:4
end_of_record
SF:/Users/ryan.hanks/Projects/flakka3/flakka4/packages/object/remote/core_object_remote_impl/lib/src/object_store_remote/object_store_remote.dart
DA:12,1
DA:16,4
DA:25,1
DA:26,2
DA:28,0
DA:29,0
DA:31,0
DA:33,0
DA:36,0
DA:40,0
DA:43,0
DA:47,1
DA:48,1
DA:49,1
DA:50,2
DA:51,1
DA:52,1
DA:53,1
DA:55,1
DA:56,1
DA:59,0
DA:60,0
DA:61,0
LF:23
LH:13
end_of_record
SF:/Users/ryan.hanks/Projects/flakka3/flakka4/packages/object/remote/core_object_remote_impl/lib/src/object_store_remote_factory.dart
DA:9,0
DA:13,0
DA:14,0
LF:3
LH:0
end_of_record
SF:/Users/ryan.hanks/Projects/flakka3/flakka4/packages/object/remote/core_object_remote_impl/lib/src/object_store_remote_factory_provider.dart
DA:7,0
DA:9,0
LF:2
LH:0
end_of_record

SF:/Users/ryan.hanks/Projects/flakka3/flakka4/packages/persistence/local/core_persistence_local_sembast/lib/src/persistence_local_adapter_factory_provider_sembast.dart
DA:8,1
DA:12,1
DA:13,1
DA:14,1
DA:18,1
DA:20,1
DA:22,1
LF:7
LH:7
end_of_record
SF:/Users/ryan.hanks/Projects/flakka3/flakka4/packages/persistence/local/core_persistence_local_sembast/lib/src/persistence_local_adapter_factory_sembast.dart
DA:9,1
DA:17,1
DA:19,1
DA:20,1
DA:21,2
DA:24,1
DA:25,2
LF:7
LH:7
end_of_record
SF:/Users/ryan.hanks/Projects/flakka3/flakka4/packages/persistence/local/core_persistence_local_sembast/lib/src/persistence_local_adapter_sembast.dart
DA:7,1
DA:16,1
DA:18,3
DA:19,1
DA:21,1
DA:22,1
DA:25,1
DA:27,3
DA:28,1
DA:29,1
DA:31,3
DA:33,1
DA:35,2
DA:39,1
DA:41,2
DA:42,1
DA:44,4
DA:47,1
DA:48,1
DA:49,1
DA:53,1
DA:62,3
DA:63,3
DA:65,2
DA:68,3
DA:70,3
DA:74,0
DA:76,0
DA:77,0
DA:78,0
DA:81,1
DA:83,5
DA:84,1
DA:85,6
LF:34
LH:30
end_of_record
SF:/Users/ryan.hanks/Projects/flakka3/flakka4/packages/persistence/remote/core_persistence_remote_sembast/lib/src/persistence_remote_adapter_factory_provider_sembast.dart
DA:9,1
DA:13,1
DA:14,1
DA:15,1
DA:19,1
DA:21,1
DA:23,1
LF:7
LH:7
end_of_record
SF:/Users/ryan.hanks/Projects/flakka3/flakka4/packages/persistence/remote/core_persistence_remote_sembast/lib/src/persistence_remote_adapter_factory_sembast.dart
DA:8,1
DA:15,1
DA:17,1
DA:18,1
DA:19,2
DA:22,1
DA:24,2
LF:7
LH:7
end_of_record
SF:/Users/ryan.hanks/Projects/flakka3/flakka4/packages/persistence/remote/core_persistence_remote_sembast/lib/src/persistence_remote_adapter_sembast.dart
DA:7,1
DA:16,1
DA:18,3
DA:19,1
DA:21,1
DA:22,1
DA:25,1
DA:27,3
DA:28,1
DA:29,1
DA:31,3
DA:33,1
DA:36,1
DA:37,1
DA:40,1
DA:41,1
DA:43,3
DA:45,1
DA:47,1
DA:49,1
DA:50,3
DA:51,3
DA:53,2
DA:54,3
DA:56,1
DA:61,1
DA:70,3
DA:71,3
DA:73,2
DA:76,3
DA:78,3
DA:82,0
DA:83,0
DA:85,1
DA:87,5
DA:88,1
DA:89,6
LF:37
LH:35
end_of_record
SF:/Users/ryan.hanks/Projects/flakka3/flakka4/packages/application/flakka_application/lib/src/application_behavior_registry.dart
DA:4,0
DA:9,0
DA:11,0
LF:3
LH:0
end_of_record
SF:/Users/ryan.hanks/Projects/flakka3/flakka4/packages/object/flakka_object/lib/src/flakka_object.dart
DA:10,2
DA:12,1
DA:13,1
DA:14,1
DA:15,1
DA:16,1
DA:19,2
DA:20,1
DA:21,3
DA:23,1
LF:10
LH:10
end_of_record
SF:/Users/ryan.hanks/Projects/flakka3/flakka4/packages/persistence/local/flakka_persistence_local/lib/src/flakka_persistence_local.dart
DA:6,0
DA:7,0
DA:10,2
DA:11,2
DA:14,1
DA:16,1
DA:17,2
DA:19,3
DA:21,1
DA:23,2
LF:10
LH:8
end_of_record
SF:/Users/ryan.hanks/Projects/flakka3/flakka4/packages/persistence/remote/flakka_persistence_remote/lib/src/flakka_persistence_remote.dart
DA:6,0
DA:7,0
DA:10,2
DA:11,2
DA:14,1
DA:16,1
DA:17,2
DA:19,3
DA:21,1
DA:23,2
LF:10
LH:8
end_of_record
