SF:/Users/ryan.hanks/Projects/flakka3/packages/persistence/core_persistence_remote_sembast/packages/persistence/core_persistence_remote_sembast/lib/src/persistence_remote_adapter_factory_sembast.dart
DA:8,1
DA:15,1
DA:17,1
DA:18,1
DA:19,2
DA:22,1
DA:24,2
LF:7
LH:7
end_of_record
SF:/Users/ryan.hanks/Projects/flakka3/packages/persistence/core_persistence_remote_sembast/packages/persistence/core_persistence_remote_sembast/lib/src/persistence_remote_adapter_sembast.dart
DA:7,1
DA:16,1
DA:18,3
DA:19,1
DA:21,1
DA:22,1
DA:25,1
DA:27,3
DA:28,1
DA:29,1
DA:31,3
DA:33,1
DA:36,1
DA:37,1
DA:40,1
DA:41,1
DA:43,3
DA:45,1
DA:47,1
DA:49,1
DA:50,3
DA:51,3
DA:53,2
DA:54,3
DA:56,1
LF:25
LH:25
end_of_record
SF:/Users/ryan.hanks/Projects/flakka3/packages/persistence/core_persistence_remote_sembast/packages/persistence/core_persistence_remote_sembast/lib/src/persistence_remote_provider_sembast.dart
DA:8,1
DA:11,1
DA:12,2
DA:17,1
DA:20,1
DA:22,1
LF:6
LH:6
end_of_record
SF:/Users/ryan.hanks/Projects/flakka3/packages/persistence/core_persistence_local_sembast/persistence/core_persistence_local_sembast/lib/src/persistence_adapter_local_factory_sembast.dart
DA:8,1
DA:16,1
DA:18,1
DA:19,1
DA:20,2
DA:23,1
DA:24,2
LF:7
LH:7
end_of_record
SF:/Users/ryan.hanks/Projects/flakka3/packages/persistence/core_persistence_local_sembast/persistence/core_persistence_local_sembast/lib/src/persistence_adapter_local_sembast.dart
DA:6,1
DA:15,1
DA:16,3
DA:17,1
DA:18,1
DA:21,1
DA:23,3
DA:24,1
DA:25,1
DA:27,3
DA:29,1
DA:31,2
DA:35,1
DA:37,2
DA:38,1
DA:40,4
DA:43,1
DA:44,1
DA:45,1
LF:19
LH:19
end_of_record
SF:/Users/ryan.hanks/Projects/flakka3/packages/persistence/core_persistence_local_sembast/persistence/core_persistence_local_sembast/lib/src/persistence_provider_local_sembast.dart
DA:7,1
DA:11,1
DA:12,2
DA:16,1
DA:18,1
DA:20,1
LF:6
LH:6
end_of_record
SF:/Users/ryan.hanks/Projects/flakka3/packages/persistence/core_persistence_remote_sembast/persistence/core_persistence_remote_sembast/lib/src/persistence_remote_adapter_factory_sembast.dart
DA:8,1
DA:15,1
DA:17,1
DA:18,1
DA:19,2
DA:22,1
DA:24,2
LF:7
LH:7
end_of_record
SF:/Users/ryan.hanks/Projects/flakka3/packages/persistence/core_persistence_remote_sembast/persistence/core_persistence_remote_sembast/lib/src/persistence_remote_adapter_sembast.dart
DA:7,1
DA:16,1
DA:18,3
DA:19,1
DA:21,1
DA:22,1
DA:25,1
DA:27,3
DA:28,1
DA:29,1
DA:31,3
DA:33,1
DA:36,1
DA:37,1
DA:40,1
DA:41,1
DA:43,3
DA:45,1
DA:47,1
DA:49,1
DA:50,3
DA:51,3
DA:53,2
DA:54,3
DA:56,1
LF:25
LH:25
end_of_record
SF:/Users/ryan.hanks/Projects/flakka3/packages/persistence/core_persistence_remote_sembast/persistence/core_persistence_remote_sembast/lib/src/persistence_remote_provider_sembast.dart
DA:8,1
DA:11,1
DA:12,2
DA:17,1
DA:20,1
DA:22,1
LF:6
LH:6
end_of_record