SF:/Users/ryan.hanks/Projects/flakka3/packages/flakka/flakka_dev/lib/src/flakka_dev_base.dart
DA:5,1
LF:1
LH:1
end_of_record
SF:/Users/ryan.hanks/Projects/flakka3/packages/flakka/flakka_persistence_local/lib/src/local_persistence_registry.dart
DA:4,1
DA:5,2
DA:7,1
DA:9,2
LF:4
LH:4
end_of_record
SF:/Users/ryan.hanks/Projects/flakka3/packages/flakka/flakka_application/lib/src/application/application_factory.dart
DA:8,0
DA:14,0
DA:16,0
LF:3
LH:0
end_of_record
SF:/Users/ryan.hanks/Projects/flakka3/packages/flakka/flakka_application/lib/src/application/application_store_factory.dart
DA:9,0
DA:15,0
DA:17,0
LF:3
LH:0
end_of_record
SF:/Users/ryan.hanks/Projects/flakka3/packages/flakka/flakka_application/lib/src/application/application_store_factory_provider.dart
DA:7,0
DA:11,0
DA:13,0
DA:15,0
LF:4
LH:0
end_of_record
SF:/Users/ryan.hanks/Projects/flakka3/packages/flakka/flakka_application/lib/src/application_behavior_registry.dart
DA:4,0
DA:9,0
DA:11,0
LF:3
LH:0
end_of_record
SF:/Users/ryan.hanks/Projects/flakka3/packages/core_common/lib/src/date_time_converter.dart
DA:4,0
DA:6,0
DA:7,0
DA:9,0
DA:10,0
LF:5
LH:0
end_of_record
SF:/Users/ryan.hanks/Projects/flakka3/packages/core_common/lib/src/date_time_factory.dart
DA:2,0
DA:4,0
DA:6,0
DA:7,0
DA:8,0
DA:13,0
DA:16,0
LF:7
LH:0
end_of_record
SF:/Users/ryan.hanks/Projects/flakka3/packages/core_common/lib/src/id_factory.dart
DA:4,1
DA:8,2
DA:10,1
DA:12,2
DA:13,1
DA:14,1
DA:21,3
DA:31,3
DA:34,1
DA:35,1
DA:38,2
DA:39,4
DA:42,1
LF:13
LH:13
end_of_record
SF:/Users/ryan.hanks/Projects/flakka3/packages/core_common/lib/src/t.dart
DA:1,0
DA:2,0
LF:2
LH:0
end_of_record
SF:/Users/ryan.hanks/Projects/flakka3/packages/persistence/core_persistence_local_sembast/lib/src/persistence_local_adapter_factory_provider_sembast.dart
DA:8,1
DA:12,1
DA:13,1
DA:14,1
DA:18,1
DA:20,1
DA:22,1
LF:7
LH:7
end_of_record
SF:/Users/ryan.hanks/Projects/flakka3/packages/persistence/core_persistence_local_sembast/lib/src/persistence_local_adapter_factory_sembast.dart
DA:9,1
DA:17,1
DA:19,1
DA:20,1
DA:21,2
DA:24,1
DA:25,2
LF:7
LH:7
end_of_record
SF:/Users/ryan.hanks/Projects/flakka3/packages/persistence/core_persistence_local_sembast/lib/src/persistence_local_adapter_sembast.dart
DA:6,1
DA:15,1
DA:16,3
DA:17,1
DA:18,1
DA:21,1
DA:23,3
DA:24,1
DA:25,1
DA:27,3
DA:29,1
DA:31,2
DA:35,1
DA:37,2
DA:38,1
DA:40,4
DA:43,1
DA:44,1
DA:45,1
DA:49,0
DA:58,0
LF:21
LH:19
end_of_record
SF:/Users/ryan.hanks/Projects/flakka3/packages/persistence/core_persistence_remote_sembast/lib/src/persistence_remote_adapter_factory_sembast.dart
DA:8,1
DA:15,1
DA:17,1
DA:18,1
DA:19,2
DA:22,1
DA:24,2
LF:7
LH:7
end_of_record
SF:/Users/ryan.hanks/Projects/flakka3/packages/persistence/core_persistence_remote_sembast/lib/src/persistence_remote_adapter_sembast.dart
DA:7,1
DA:16,1
DA:18,3
DA:19,1
DA:21,1
DA:22,1
DA:25,1
DA:27,3
DA:28,1
DA:29,1
DA:31,3
DA:33,1
DA:36,1
DA:37,1
DA:40,1
DA:41,1
DA:43,3
DA:45,1
DA:47,1
DA:49,1
DA:50,3
DA:51,3
DA:53,2
DA:54,3
DA:56,1
DA:61,0
DA:70,0
LF:27
LH:25
end_of_record
SF:/Users/ryan.hanks/Projects/flakka3/packages/persistence/core_persistence_remote_sembast/lib/src/persistence_remote_adapter_factory_provider_sembast.dart
DA:9,1
DA:13,1
DA:14,1
DA:15,1
DA:19,1
DA:21,1
DA:23,1
LF:7
LH:7
end_of_record
SF:/Users/ryan.hanks/Projects/flakka3/packages/persistence/core_persistence/lib/src/initialize_instance.dart
DA:4,1
DA:9,1
DA:14,1
DA:17,1
LF:4
LH:4
end_of_record
SF:/Users/ryan.hanks/Projects/flakka3/packages/api/core_application/lib/src/application_behavior/application_behavior.dart
DA:56,1
DA:58,1
DA:63,2
DA:67,2
LF:4
LH:4
end_of_record
SF:/Users/ryan.hanks/Projects/flakka3/packages/api/core_application/lib/src/application_behavior/application_behavior.freezed.dart
DA:12,0
DA:14,0
DA:20,0
DA:21,0
DA:23,0
DA:26,0
DA:49,0
DA:56,0
DA:62,0
DA:64,0
DA:68,0
DA:96,0
DA:99,0
DA:101,0
DA:107,0
DA:109,0
DA:113,0
DA:124,1
DA:125,1
DA:132,0
DA:134,0
DA:137,0
DA:140,0
DA:141,0
DA:142,0
DA:143,0
DA:146,0
DA:147,0
DA:149,0
DA:154,0
DA:166,2
DA:172,0
DA:176,0
LF:33
LH:3
end_of_record
SF:/Users/ryan.hanks/Projects/flakka3/packages/api/core_application/lib/src/application/application.dart
DA:12,1
DA:23,3
DA:24,4
DA:29,1
DA:30,2
DA:33,0
DA:34,0
DA:40,0
DA:42,1
DA:43,5
DA:44,1
DA:45,5
DA:46,2
DA:47,1
DA:48,1
DA:49,1
DA:51,1
DA:54,1
DA:55,1
DA:60,0
DA:71,0
DA:72,0
DA:74,0
DA:78,0
LF:24
LH:16
end_of_record
SF:/Users/ryan.hanks/Projects/flakka3/packages/api/core_application/lib/src/application/application_state.freezed.dart
DA:12,0
DA:14,0
DA:21,0
DA:22,0
DA:24,0
DA:26,0
DA:44,0
DA:51,0
DA:56,0
DA:58,0
DA:84,0
DA:86,0
DA:88,0
DA:93,0
DA:95,0
DA:106,1
DA:113,1
DA:115,2
DA:118,1
DA:121,3
DA:122,1
DA:123,2
DA:124,3
DA:127,0
DA:128,0
DA:130,0
DA:134,0
DA:147,0
DA:150,0
LF:29
LH:8
end_of_record
SF:/Users/ryan.hanks/Projects/flakka3/packages/api/core_application/lib/src/application_behavior/request.freezed.dart
DA:12,0
DA:14,0
DA:19,0
DA:20,0
DA:21,0
DA:22,0
DA:24,0
DA:26,0
DA:46,0
DA:53,0
DA:60,0
DA:62,0
DA:66,0
DA:70,0
DA:76,0
DA:79,0
DA:80,0
DA:107,0
DA:109,0
DA:111,0
DA:118,0
DA:120,0
DA:124,0
DA:128,0
DA:139,1
DA:148,0
DA:150,0
DA:153,0
DA:156,0
DA:157,0
DA:158,0
DA:159,0
DA:160,0
DA:161,0
DA:164,0
DA:165,0
DA:167,0
DA:171,0
DA:187,0
DA:190,0
LF:40
LH:1
end_of_record
SF:/Users/ryan.hanks/Projects/flakka3/packages/api/core_application/lib/src/application_behavior/request_effect.freezed.dart
DA:12,0
DA:14,0
DA:19,0
DA:24,0
DA:25,0
DA:30,0
DA:31,0
DA:37,0
DA:38,0
DA:43,0
DA:44,0
DA:49,0
DA:50,0
DA:56,0
DA:70,0
DA:92,0
DA:94,0
DA:96,0
DA:101,0
DA:103,0
DA:114,1
DA:119,0
DA:121,0
DA:124,0
DA:127,0
DA:128,0
DA:129,0
DA:132,0
DA:134,0
DA:136,0
DA:140,0
DA:143,0
DA:149,0
DA:152,0
DA:158,0
DA:161,0
DA:169,0
DA:171,0
DA:174,1
DA:180,1
DA:183,0
DA:189,0
DA:192,0
DA:200,0
DA:202,0
DA:212,0
DA:214,0
DA:228,0
DA:230,0
DA:237,0
DA:239,0
DA:241,0
DA:244,0
DA:247,0
DA:248,0
DA:251,0
DA:252,0
DA:254,0
DA:260,0
DA:263,0
DA:269,0
DA:272,0
DA:280,0
DA:282,0
DA:285,0
DA:291,0
DA:294,0
DA:300,0
DA:303,0
DA:311,0
DA:313,0
LF:71
LH:3
end_of_record
SF:/Users/ryan.hanks/Projects/flakka3/packages/api/core_application/lib/src/application_io/application_effect.freezed.dart
DA:12,0
DA:14,0
DA:20,0
DA:21,0
DA:22,0
DA:31,0
DA:32,0
DA:41,0
DA:42,0
DA:52,0
DA:53,0
DA:62,0
DA:63,0
DA:70,0
DA:71,0
DA:79,0
DA:81,0
DA:84,0
DA:109,0
DA:116,0
DA:121,0
DA:123,0
DA:129,0
DA:132,0
DA:133,0
DA:163,0
DA:166,0
DA:168,0
DA:174,0
DA:176,0
DA:180,0
DA:186,0
DA:189,0
DA:190,0
DA:191,0
DA:201,0
DA:208,0
DA:210,0
DA:213,0
DA:216,0
DA:217,0
DA:218,0
DA:219,0
DA:222,0
DA:223,0
DA:225,0
DA:230,0
DA:236,0
DA:246,0
DA:249,0
DA:259,0
DA:262,0
DA:274,0
DA:276,0
DA:279,0
DA:289,0
DA:292,0
DA:300,0
DA:303,0
DA:313,0
DA:315,0
DA:332,0
DA:336,0
DA:364,0
DA:367,0
DA:369,0
DA:375,0
DA:377,0
DA:381,0
DA:387,0
DA:390,0
DA:391,0
DA:392,0
DA:402,0
DA:409,0
DA:411,0
DA:414,0
DA:417,0
DA:418,0
DA:419,0
DA:420,0
DA:423,0
DA:424,0
DA:426,0
DA:431,0
DA:437,0
DA:447,0
DA:450,0
DA:460,0
DA:463,0
DA:475,0
DA:477,0
DA:480,0
DA:490,0
DA:493,0
DA:501,0
DA:504,0
DA:514,0
DA:516,0
DA:533,0
DA:537,0
DA:543,0
DA:550,0
DA:551,0
DA:558,0
DA:559,0
DA:567,0
DA:568,0
DA:577,0
DA:578,0
DA:586,0
DA:587,0
DA:595,0
DA:616,0
DA:652,0
DA:656,0
DA:658,0
DA:666,0
DA:668,0
DA:672,0
DA:676,0
DA:680,0
DA:686,0
DA:689,0
DA:690,0
DA:700,1
DA:715,0
DA:717,0
DA:720,1
DA:723,3
DA:724,1
DA:725,2
DA:726,3
DA:727,2
DA:728,3
DA:729,2
DA:730,0
DA:733,0
DA:734,0
DA:735,0
DA:737,0
DA:742,0
DA:749,0
DA:757,0
DA:760,0
DA:768,0
DA:771,0
DA:781,0
DA:783,0
DA:786,0
DA:796,0
DA:799,0
DA:808,0
DA:811,0
DA:821,0
DA:823,0
DA:841,0
DA:844,0
DA:864,0
DA:867,0
DA:875,0
DA:877,0
DA:879,0
DA:882,0
DA:885,0
DA:886,0
DA:889,0
DA:890,0
DA:892,0
DA:900,0
DA:903,0
DA:911,0
DA:914,0
DA:924,0
DA:926,0
DA:929,0
DA:939,0
DA:942,0
DA:951,0
DA:954,0
DA:964,0
DA:966,0
DA:980,0
DA:987,0
DA:988,0
DA:995,0
DA:996,0
DA:1004,0
DA:1005,0
DA:1018,0
DA:1019,0
DA:1028,0
DA:1029,0
DA:1039,0
DA:1059,0
DA:1084,0
DA:1087,0
DA:1089,0
DA:1094,0
DA:1096,0
DA:1108,0
DA:1113,0
DA:1115,0
DA:1118,0
DA:1121,0
DA:1122,0
DA:1123,0
DA:1124,0
DA:1127,0
DA:1128,0
DA:1130,0
DA:1135,0
DA:1140,0
DA:1148,0
DA:1151,0
DA:1159,0
DA:1162,0
DA:1172,0
DA:1174,0
DA:1177,0
DA:1191,0
DA:1194,0
DA:1204,0
DA:1207,0
DA:1219,0
DA:1221,0
DA:1232,0
DA:1235,0
DA:1255,0
DA:1258,0
DA:1260,0
DA:1265,0
DA:1267,0
DA:1279,0
DA:1284,0
DA:1286,0
DA:1289,0
DA:1292,0
DA:1293,0
DA:1294,0
DA:1295,0
DA:1298,0
DA:1299,0
DA:1301,0
DA:1306,0
DA:1309,0
DA:1317,0
DA:1320,0
DA:1328,0
DA:1331,0
DA:1341,0
DA:1343,0
DA:1346,0
DA:1360,0
DA:1363,0
DA:1373,0
DA:1376,0
DA:1388,0
DA:1390,0
DA:1401,0
DA:1404,0
DA:1422,0
DA:1425,0
DA:1433,0
DA:1435,0
DA:1437,0
DA:1440,0
DA:1443,0
DA:1444,0
DA:1447,0
DA:1448,0
DA:1450,0
DA:1458,0
DA:1461,0
DA:1469,0
DA:1472,0
DA:1482,0
DA:1484,0
DA:1487,0
DA:1501,0
DA:1504,0
DA:1514,0
DA:1517,0
DA:1529,0
DA:1531,0
DA:1556,0
DA:1559,0
DA:1567,0
DA:1569,0
DA:1571,0
DA:1574,0
DA:1577,0
DA:1578,0
DA:1581,0
DA:1582,0
DA:1584,0
DA:1592,0
DA:1595,0
DA:1603,0
DA:1606,0
DA:1616,0
DA:1618,0
DA:1621,0
DA:1635,0
DA:1638,0
DA:1648,0
DA:1651,0
DA:1663,0
DA:1665,0
LF:309
LH:9
end_of_record
SF:/Users/ryan.hanks/Projects/flakka3/packages/api/core_application/lib/src/application_io/application_journal.freezed.dart
DA:12,0
DA:14,0
DA:31,0
DA:52,0
DA:54,0
DA:60,0
DA:62,0
DA:67,0
DA:70,0
DA:71,0
DA:74,0
DA:75,0
LF:12
LH:0
end_of_record
SF:/Users/ryan.hanks/Projects/flakka3/packages/api/core_application/lib/src/application_io/application_update.freezed.dart
DA:12,0
DA:14,0
DA:39,0
DA:62,0
DA:65,0
DA:73,0
DA:75,0
DA:77,0
DA:80,0
DA:83,0
DA:84,0
DA:87,0
DA:88,0
LF:13
LH:0
end_of_record
SF:/Users/ryan.hanks/Projects/flakka3/packages/persistence/core_persistence_local_sembast/persistence/core_persistence_local_sembast/lib/src/persistence_adapter_local_factory_sembast.dart
DA:8,1
DA:16,1
DA:18,1
DA:19,1
DA:20,2
DA:23,1
DA:24,2
LF:7
LH:7
end_of_record
SF:/Users/ryan.hanks/Projects/flakka3/packages/persistence/core_persistence_local_sembast/persistence/core_persistence_local_sembast/lib/src/persistence_adapter_local_sembast.dart
DA:6,1
DA:15,1
DA:16,3
DA:17,1
DA:18,1
DA:21,1
DA:23,3
DA:24,1
DA:25,1
DA:27,3
DA:29,1
DA:31,2
DA:35,1
DA:37,2
DA:38,1
DA:40,4
DA:43,1
DA:44,1
DA:45,1
LF:19
LH:19
end_of_record
SF:/Users/ryan.hanks/Projects/flakka3/packages/persistence/core_persistence_local_sembast/persistence/core_persistence_local_sembast/lib/src/persistence_provider_local_sembast.dart
DA:7,1
DA:11,1
DA:12,2
DA:16,1
DA:18,1
DA:20,1
LF:6
LH:6
end_of_record
SF:/Users/ryan.hanks/Projects/flakka3/packages/persistence/core_persistence_remote_sembast/persistence/core_persistence_remote_sembast/lib/src/persistence_remote_adapter_factory_sembast.dart
DA:8,1
DA:15,1
DA:17,1
DA:18,1
DA:19,2
DA:22,1
DA:24,2
LF:7
LH:7
end_of_record
SF:/Users/ryan.hanks/Projects/flakka3/packages/persistence/core_persistence_remote_sembast/persistence/core_persistence_remote_sembast/lib/src/persistence_remote_adapter_sembast.dart
DA:7,1
DA:16,1
DA:18,3
DA:19,1
DA:21,1
DA:22,1
DA:25,1
DA:27,3
DA:28,1
DA:29,1
DA:31,3
DA:33,1
DA:36,1
DA:37,1
DA:40,1
DA:41,1
DA:43,3
DA:45,1
DA:47,1
DA:49,1
DA:50,3
DA:51,3
DA:53,2
DA:54,3
DA:56,1
LF:25
LH:25
end_of_record
SF:/Users/ryan.hanks/Projects/flakka3/packages/persistence/core_persistence_remote_sembast/persistence/core_persistence_remote_sembast/lib/src/persistence_remote_provider_sembast.dart
DA:8,1
DA:11,1
DA:12,2
DA:17,1
DA:20,1
DA:22,1
LF:6
LH:6
end_of_record
SF:/Users/ryan.hanks/Projects/flakka3/packages/store/core_application_store/lib/src/application_store/application_store.dart
DA:13,1
DA:18,2
DA:19,4
DA:20,4
DA:34,1
DA:36,2
DA:38,0
DA:40,0
DA:42,0
DA:44,0
DA:46,0
DA:50,0
DA:53,0
DA:55,1
DA:58,1
DA:59,1
DA:60,1
DA:61,2
DA:62,1
DA:64,2
DA:65,1
DA:66,1
DA:67,1
DA:70,2
DA:72,0
DA:76,0
LF:26
LH:17
end_of_record
SF:/Users/ryan.hanks/Projects/flakka3/packages/store/core_application_store/lib/src/application_store/application_store_state.freezed.dart
DA:12,0
DA:14,0
DA:19,0
DA:21,0
DA:23,0
DA:41,0
DA:48,0
DA:53,0
DA:55,0
DA:61,0
DA:64,0
DA:65,0
DA:88,0
DA:90,0
DA:92,0
DA:97,0
DA:99,0
DA:109,1
DA:114,1
DA:116,2
DA:119,1
DA:122,3
DA:123,1
DA:124,5
DA:127,0
DA:128,0
DA:130,0
DA:134,0
DA:144,0
DA:147,0
LF:30
LH:7
end_of_record
SF:/Users/ryan.hanks/Projects/flakka3/packages/store/core_object_store/core_object_store_remote/lib/src/object_store_remote/object_store_remote.dart
DA:11,1
DA:15,4
DA:24,1
DA:25,2
DA:27,0
DA:28,0
DA:30,0
DA:32,0
DA:35,0
DA:39,0
DA:42,0
DA:46,1
DA:47,1
DA:48,1
DA:49,2
DA:50,1
DA:51,1
DA:52,1
DA:53,1
DA:54,1
DA:55,1
DA:58,0
DA:59,0
DA:60,0
LF:24
LH:14
end_of_record
SF:/Users/ryan.hanks/Projects/flakka3/packages/store/core_object_store/core_object_store_remote/lib/src/object_store_remote/object_store_remote_state.freezed.dart
DA:12,0
DA:14,0
DA:31,0
DA:51,0
DA:53,0
DA:59,1
DA:61,0
DA:66,0
DA:69,0
DA:70,0
DA:73,0
DA:74,0
LF:12
LH:1
end_of_record
SF:/Users/ryan.hanks/Projects/flakka3/packages/store/core_object_store/core_object_store/lib/src/object_store/object_store.freezed.dart
DA:12,1
DA:14,0
DA:19,0
DA:21,0
DA:23,0
DA:38,1
DA:45,0
DA:50,0
DA:52,0
DA:74,1
DA:76,1
DA:78,1
DA:83,3
DA:85,0
DA:95,1
DA:100,0
DA:102,0
DA:105,1
DA:108,3
DA:109,1
DA:110,2
DA:111,3
DA:114,0
DA:115,0
DA:117,1
DA:121,1
DA:130,0
DA:133,0
LF:28
LH:14
end_of_record
SF:/Users/ryan.hanks/Projects/flakka3/packages/store/core_object_store/core_object_store/lib/src/object_store/object_store.dart
DA:12,1
DA:22,3
DA:23,3
DA:24,3
DA:35,1
DA:36,1
DA:38,0
DA:39,0
DA:41,0
DA:51,0
DA:52,0
DA:53,0
DA:54,0
DA:55,0
DA:56,0
DA:60,1
DA:61,6
DA:62,1
DA:63,1
DA:64,2
DA:65,1
DA:66,1
DA:67,1
DA:68,1
DA:69,1
DA:70,1
DA:71,1
DA:74,2
DA:75,1
DA:76,1
DA:77,1
DA:78,1
DA:79,1
DA:80,1
DA:81,1
DA:84,1
DA:86,0
DA:87,0
DA:88,0
DA:92,0
DA:95,0
DA:109,0
DA:111,0
LF:43
LH:27
end_of_record
SF:/Users/ryan.hanks/Projects/flakka3/packages/store/core_object_store/core_object_store/lib/src/entry_props.freezed.dart
DA:12,0
DA:14,0
DA:17,0
DA:18,0
DA:23,0
DA:24,0
DA:26,0
DA:27,0
DA:29,0
DA:44,0
DA:51,0
DA:57,0
DA:59,0
DA:63,0
DA:85,0
DA:87,0
DA:89,0
DA:95,0
DA:97,0
DA:101,0
DA:111,0
DA:113,0
DA:114,0
DA:121,0
DA:123,0
DA:126,0
DA:129,0
DA:130,0
DA:131,0
DA:132,0
DA:133,0
DA:136,0
DA:138,0
DA:139,0
DA:141,0
DA:145,0
DA:147,0
DA:149,0
DA:167,0
DA:170,0
LF:40
LH:0
end_of_record
SF:/Users/ryan.hanks/Projects/flakka3/packages/store/core_object_store/core_object_store/lib/src/entry_props.dart
DA:13,0
DA:14,0
LF:2
LH:0
end_of_record
SF:/Users/ryan.hanks/Projects/flakka3/packages/store/core_object_store/core_object_store/lib/src/entry_props.g.dart
DA:9,0
DA:10,0
DA:11,0
DA:12,0
DA:15,0
DA:16,0
DA:17,0
DA:18,0
LF:8
LH:0
end_of_record
SF:/Users/ryan.hanks/Projects/flakka3/packages/store/core_object_store/core_object_store_local/lib/src/object_store_local/object_store_local.dart
DA:11,1
DA:15,4
DA:23,1
DA:24,2
DA:26,0
DA:27,0
DA:29,0
DA:31,0
DA:34,0
DA:36,0
DA:39,0
DA:42,1
DA:43,1
DA:44,1
DA:45,2
DA:46,1
DA:47,1
DA:48,1
DA:49,1
DA:50,1
DA:51,1
DA:54,0
DA:55,0
DA:56,0
LF:24
LH:14
end_of_record
SF:/Users/ryan.hanks/Projects/flakka3/packages/store/core_object_store/core_object_store_local/lib/src/object_store_local/object_store_local_state.freezed.dart
DA:12,0
DA:14,0
DA:31,0
DA:50,0
DA:52,0
DA:58,1
DA:60,0
DA:65,0
DA:68,0
DA:71,0
DA:72,0
LF:11
LH:1
end_of_record
SF:/Users/ryan.hanks/Projects/flakka3/packages/store/core_journal_store/lib/src/core_journal_state.freezed.dart
DA:12,0
DA:14,0
DA:20,0
DA:21,0
DA:22,0
DA:23,0
DA:24,0
DA:28,0
DA:30,0
DA:33,0
DA:68,0
DA:75,0
DA:84,0
DA:86,0
DA:89,0
DA:90,0
DA:94,0
DA:97,0
DA:98,0
DA:102,0
DA:112,0
DA:115,0
DA:116,0
DA:120,0
DA:123,0
DA:127,0
DA:128,0
DA:132,0
DA:135,0
DA:139,0
DA:140,0
DA:182,0
DA:185,0
DA:187,0
DA:196,0
DA:198,0
DA:201,0
DA:202,0
DA:206,0
DA:209,0
DA:210,0
DA:214,0
DA:229,0
DA:242,0
DA:244,0
DA:246,0
DA:258,0
DA:260,0
DA:263,0
DA:266,0
DA:267,0
DA:268,0
DA:269,0
DA:270,0
DA:271,0
DA:272,0
DA:273,0
DA:274,0
DA:277,0
DA:278,0
DA:279,0
DA:281,0
DA:286,0
DA:319,0
DA:323,0
LF:65
LH:0
end_of_record
SF:/Users/ryan.hanks/Projects/flakka3/packages/store/core_journal_store/lib/src/journal_store/journal_store.dart
DA:13,1
DA:18,2
DA:19,3
DA:27,1
DA:28,1
DA:30,0
DA:31,0
DA:33,0
DA:37,0
DA:40,0
DA:42,1
DA:43,1
DA:44,1
DA:45,2
DA:46,1
DA:47,1
DA:48,2
DA:49,1
DA:50,1
DA:51,1
DA:55,0
DA:56,0
DA:57,0
DA:58,0
LF:24
LH:15
end_of_record
SF:/Users/ryan.hanks/Projects/flakka3/packages/store/core_journal_store/lib/src/journal_store/journal_store_state.freezed.dart
DA:12,0
DA:14,0
DA:30,0
DA:49,0
DA:51,0
DA:57,1
DA:59,0
DA:64,0
DA:67,0
DA:70,0
DA:71,0
LF:11
LH:1
end_of_record
SF:/Users/ryan.hanks/Projects/flakka3/packages/store/core_data_store/lib/src/data_store/data_store.dart
DA:13,1
DA:19,2
DA:20,3
DA:29,1
DA:30,1
DA:32,0
DA:33,0
DA:35,0
DA:39,0
DA:42,0
DA:44,1
DA:45,1
DA:46,1
DA:47,2
DA:48,1
DA:49,2
DA:50,5
DA:51,1
DA:52,4
DA:54,1
DA:55,1
DA:56,2
DA:57,2
DA:58,2
DA:59,2
DA:62,2
DA:66,0
DA:67,0
DA:68,0
LF:29
LH:21
end_of_record
SF:/Users/ryan.hanks/Projects/flakka3/packages/store/core_data_store/lib/src/data_store/data_store_state.freezed.dart
DA:12,0
DA:14,0
DA:20,0
DA:25,0
DA:26,0
DA:30,0
DA:32,0
DA:35,0
DA:68,0
DA:75,0
DA:81,0
DA:83,0
DA:92,0
DA:135,0
DA:137,0
DA:139,0
DA:145,0
DA:147,0
DA:156,0
DA:171,1
DA:187,0
DA:189,0
DA:192,0
DA:195,0
DA:196,0
DA:197,0
DA:198,0
DA:199,0
DA:202,0
DA:203,0
DA:205,0
DA:210,0
DA:242,0
DA:246,0
LF:34
LH:1
end_of_record
SF:/Users/ryan.hanks/Projects/flakka3/packages/store/core_data_store/lib/src/data_store/data_store_state.dart
DA:23,2
DA:24,1
DA:25,1
DA:26,1
DA:29,1
DA:30,1
LF:6
LH:6
end_of_record
SF:/Users/ryan.hanks/Projects/flakka3/flakka4/packages/persistence/core_persistence_remote_sembast/packages/persistence/core_persistence_remote_sembast/lib/src/persistence_remote_adapter_factory_sembast.dart
DA:8,1
DA:15,1
DA:17,1
DA:18,1
DA:19,2
DA:22,1
DA:24,2
LF:7
LH:7
end_of_record
SF:/Users/ryan.hanks/Projects/flakka3/flakka4/packages/persistence/core_persistence_remote_sembast/packages/persistence/core_persistence_remote_sembast/lib/src/persistence_remote_adapter_sembast.dart
DA:7,1
DA:16,1
DA:18,3
DA:19,1
DA:21,1
DA:22,1
DA:25,1
DA:27,3
DA:28,1
DA:29,1
DA:31,3
DA:33,1
DA:36,1
DA:37,1
DA:40,1
DA:41,1
DA:43,3
DA:45,1
DA:47,1
DA:49,1
DA:50,3
DA:51,3
DA:53,2
DA:54,3
DA:56,1
LF:25
LH:25
end_of_record
SF:/Users/ryan.hanks/Projects/flakka3/flakka4/packages/persistence/core_persistence_remote_sembast/packages/persistence/core_persistence_remote_sembast/lib/src/persistence_remote_provider_sembast.dart
DA:8,1
DA:11,1
DA:12,2
DA:17,1
DA:20,1
DA:22,1
LF:6
LH:6
end_of_record
SF:/Users/ryan.hanks/Projects/flakka3/packages/persistence/core_persistence_local_sembast/persistence/core_persistence_local_sembast/lib/src/persistence_adapter_local_factory_sembast.dart
DA:8,1
DA:16,1
DA:18,1
DA:19,1
DA:20,2
DA:23,1
DA:24,2
LF:7
LH:7
end_of_record
SF:/Users/ryan.hanks/Projects/flakka3/packages/persistence/core_persistence_local_sembast/persistence/core_persistence_local_sembast/lib/src/persistence_adapter_local_sembast.dart
DA:6,1
DA:15,1
DA:16,3
DA:17,1
DA:18,1
DA:21,1
DA:23,3
DA:24,1
DA:25,1
DA:27,3
DA:29,1
DA:31,2
DA:35,1
DA:37,2
DA:38,1
DA:40,4
DA:43,1
DA:44,1
DA:45,1
LF:19
LH:19
end_of_record
SF:/Users/ryan.hanks/Projects/flakka3/packages/persistence/core_persistence_local_sembast/persistence/core_persistence_local_sembast/lib/src/persistence_provider_local_sembast.dart
DA:7,1
DA:11,1
DA:12,2
DA:16,1
DA:18,1
DA:20,1
LF:6
LH:6
end_of_record
SF:/Users/ryan.hanks/Projects/flakka3/packages/persistence/core_persistence_remote_sembast/persistence/core_persistence_remote_sembast/lib/src/persistence_remote_adapter_factory_sembast.dart
DA:8,1
DA:15,1
DA:17,1
DA:18,1
DA:19,2
DA:22,1
DA:24,2
LF:7
LH:7
end_of_record
SF:/Users/ryan.hanks/Projects/flakka3/packages/persistence/core_persistence_remote_sembast/persistence/core_persistence_remote_sembast/lib/src/persistence_remote_adapter_sembast.dart
DA:7,1
DA:16,1
DA:18,3
DA:19,1
DA:21,1
DA:22,1
DA:25,1
DA:27,3
DA:28,1
DA:29,1
DA:31,3
DA:33,1
DA:36,1
DA:37,1
DA:40,1
DA:41,1
DA:43,3
DA:45,1
DA:47,1
DA:49,1
DA:50,3
DA:51,3
DA:53,2
DA:54,3
DA:56,1
LF:25
LH:25
end_of_record
SF:/Users/ryan.hanks/Projects/flakka3/packages/persistence/core_persistence_remote_sembast/persistence/core_persistence_remote_sembast/lib/src/persistence_remote_provider_sembast.dart
DA:8,1
DA:11,1
DA:12,2
DA:17,1
DA:20,1
DA:22,1
LF:6
LH:6
end_of_record
SF:/Users/ryan.hanks/Projects/flakka3/flakka4/packages/store/core_object_store/core_object_store_remote/lib/src/object_store_remote/object_store_remote.dart
DA:11,1
DA:15,4
DA:24,0
DA:25,0
DA:27,0
DA:28,0
DA:30,0
DA:32,0
DA:35,1
DA:39,2
DA:42,2
DA:46,0
LF:12
LH:5
end_of_record
SF:/Users/ryan.hanks/Projects/flakka3/flakka4/packages/store/core_object_store/core_object_store_remote/lib/src/object_store_remote/object_store_remote_factory.dart
DA:7,1
DA:11,1
DA:12,1
DA:13,1
DA:14,2
LF:5
LH:5
end_of_record
SF:/Users/ryan.hanks/Projects/flakka3/flakka4/packages/store/core_object_store/core_object_store_remote/lib/src/object_store_remote/object_store_remote_provider.dart
DA:5,1
DA:7,0
DA:10,0
DA:14,1
DA:16,1
DA:18,2
LF:6
LH:4
end_of_record
SF:/Users/ryan.hanks/Projects/flakka3/packages/persistence/core_persistence_remote_sembast/packages/persistence/core_persistence_remote_sembast/lib/src/persistence_remote_adapter_factory_sembast.dart
DA:8,1
DA:15,1
DA:17,1
DA:18,1
DA:19,2
DA:22,1
DA:24,2
LF:7
LH:7
end_of_record
SF:/Users/ryan.hanks/Projects/flakka3/packages/persistence/core_persistence_remote_sembast/packages/persistence/core_persistence_remote_sembast/lib/src/persistence_remote_adapter_sembast.dart
DA:7,1
DA:16,1
DA:18,3
DA:19,1
DA:21,1
DA:22,1
DA:25,1
DA:27,3
DA:28,1
DA:29,1
DA:31,3
DA:33,1
DA:36,1
DA:37,1
DA:40,1
DA:41,1
DA:43,3
DA:45,1
DA:47,1
DA:49,1
DA:50,3
DA:51,3
DA:53,2
DA:54,3
DA:56,1
LF:25
LH:25
end_of_record
SF:/Users/ryan.hanks/Projects/flakka3/packages/persistence/core_persistence_remote_sembast/packages/persistence/core_persistence_remote_sembast/lib/src/persistence_remote_provider_sembast.dart
DA:8,1
DA:11,1
DA:12,2
DA:17,1
DA:20,1
DA:22,1
LF:6
LH:6
end_of_record
SF:/Users/ryan.hanks/Projects/flakka3/packages/persistence/core_persistence_local_sembast/persistence/core_persistence_local_sembast/lib/src/persistence_adapter_local_factory_sembast.dart
DA:8,1
DA:16,1
DA:18,1
DA:19,1
DA:20,2
DA:23,1
DA:24,2
LF:7
LH:7
end_of_record
SF:/Users/ryan.hanks/Projects/flakka3/packages/persistence/core_persistence_local_sembast/persistence/core_persistence_local_sembast/lib/src/persistence_adapter_local_sembast.dart
DA:6,1
DA:15,1
DA:16,3
DA:17,1
DA:18,1
DA:21,1
DA:23,3
DA:24,1
DA:25,1
DA:27,3
DA:29,1
DA:31,2
DA:35,1
DA:37,2
DA:38,1
DA:40,4
DA:43,1
DA:44,1
DA:45,1
LF:19
LH:19
end_of_record
SF:/Users/ryan.hanks/Projects/flakka3/packages/persistence/core_persistence_local_sembast/persistence/core_persistence_local_sembast/lib/src/persistence_provider_local_sembast.dart
DA:7,1
DA:11,1
DA:12,2
DA:16,1
DA:18,1
DA:20,1
LF:6
LH:6
end_of_record
SF:/Users/ryan.hanks/Projects/flakka3/packages/persistence/core_persistence_remote_sembast/persistence/core_persistence_remote_sembast/lib/src/persistence_remote_adapter_factory_sembast.dart
DA:8,1
DA:15,1
DA:17,1
DA:18,1
DA:19,2
DA:22,1
DA:24,2
LF:7
LH:7
end_of_record
SF:/Users/ryan.hanks/Projects/flakka3/packages/persistence/core_persistence_remote_sembast/persistence/core_persistence_remote_sembast/lib/src/persistence_remote_adapter_sembast.dart
DA:7,1
DA:16,1
DA:18,3
DA:19,1
DA:21,1
DA:22,1
DA:25,1
DA:27,3
DA:28,1
DA:29,1
DA:31,3
DA:33,1
DA:36,1
DA:37,1
DA:40,1
DA:41,1
DA:43,3
DA:45,1
DA:47,1
DA:49,1
DA:50,3
DA:51,3
DA:53,2
DA:54,3
DA:56,1
LF:25
LH:25
end_of_record
SF:/Users/ryan.hanks/Projects/flakka3/packages/persistence/core_persistence_remote_sembast/persistence/core_persistence_remote_sembast/lib/src/persistence_remote_provider_sembast.dart
DA:8,1
DA:11,1
DA:12,2
DA:17,1
DA:20,1
DA:22,1
LF:6
LH:6
end_of_record