SF:/Users/ryan.hanks/Projects/flakka3/packages/flakka/flakka_application/lib/src/application/application_factory.dart
DA:8,0
DA:14,0
DA:16,0
LF:3
LH:0
end_of_record
SF:/Users/ryan.hanks/Projects/flakka3/packages/flakka/flakka_application/lib/src/application/application_store_factory.dart
DA:9,0
DA:15,0
DA:17,0
LF:3
LH:0
end_of_record
SF:/Users/ryan.hanks/Projects/flakka3/packages/flakka/flakka_application/lib/src/application/application_store_factory_provider.dart
DA:7,0
DA:11,0
DA:13,0
DA:15,0
LF:4
LH:0
end_of_record
SF:/Users/ryan.hanks/Projects/flakka3/packages/flakka/flakka_application/lib/src/application_behavior_registry.dart
DA:4,0
DA:9,0
DA:11,0
LF:3
LH:0
end_of_record
